SF:lib/core/error/failures.dart
DA:4,0
DA:6,0
DA:7,0
LF:3
LH:0
end_of_record
SF:lib/domain/entities/sharlist_user.dart
DA:9,4
DA:11,0
DA:12,0
LF:3
LH:1
end_of_record
SF:lib/data/enums/role.dart
DA:1,5
DA:2,5
DA:3,5
DA:4,5
DA:7,0
DA:8,0
DA:9,0
DA:10,0
DA:14,1
DA:15,1
DA:16,1
LF:11
LH:7
end_of_record
SF:lib/data/repositories/auth_repository_impl.dart
DA:12,0
DA:14,0
DA:20,0
DA:27,0
LF:4
LH:0
end_of_record
SF:lib/domain/usecases/sign_in_with_facebook.dart
DA:10,1
DA:12,1
DA:16,3
LF:3
LH:3
end_of_record
SF:lib/domain/usecases/sign_in_anonymously.dart
DA:9,1
DA:11,1
DA:12,3
LF:3
LH:3
end_of_record
SF:lib/data/models/sharlist_user_model.dart
DA:6,1
DA:7,1
DA:9,0
DA:10,0
DA:11,0
DA:12,0
DA:16,1
DA:17,1
DA:18,1
DA:19,2
LF:10
LH:6
end_of_record
SF:lib/domain/usecases/sign_in_with_google.dart
DA:10,1
DA:12,1
DA:16,3
LF:3
LH:3
end_of_record
